\BOOKMARK [1][-]{section.4}{\376\377\000I\000n\000t\000r\000o\000d\000u\000c\000t\000i\000o\000n}{}% 1
\BOOKMARK [1][-]{section.7}{\376\377\000R\000e\000l\000a\000t\000e\000d\000\040\000W\000o\000r\000k}{}% 2
\BOOKMARK [2][-]{subsection.8}{\376\377\000R\000o\000b\000o\000t\000i\000c\000\040\000a\000n\000d\000\040\000i\000n\000d\000u\000s\000t\000r\000i\000a\000l\000\040\000a\000n\000o\000m\000a\000l\000y\000\040\000d\000i\000a\000g\000n\000o\000s\000i\000s}{section.7}% 3
\BOOKMARK [2][-]{subsection.9}{\376\377\000M\000u\000l\000t\000i\000-\000s\000e\000n\000s\000o\000r\000\040\000t\000i\000m\000e\000-\000s\000e\000r\000i\000e\000s\000\040\000a\000n\000o\000m\000a\000l\000y\000\040\000d\000e\000t\000e\000c\000t\000i\000o\000n}{section.7}% 4
\BOOKMARK [2][-]{subsection.10}{\376\377\000T\000r\000e\000e\000-\000b\000a\000s\000e\000d\000\040\000a\000n\000d\000\040\000s\000t\000a\000t\000i\000s\000t\000i\000c\000a\000l\000\040\000b\000a\000s\000e\000l\000i\000n\000e\000s}{section.7}% 5
\BOOKMARK [2][-]{subsection.11}{\376\377\000T\000h\000r\000e\000s\000h\000o\000l\000d\000\040\000c\000a\000l\000i\000b\000r\000a\000t\000i\000o\000n\000\040\000a\000n\000d\000\040\000l\000e\000a\000k\000a\000g\000e\000-\000s\000a\000f\000e\000\040\000e\000v\000a\000l\000u\000a\000t\000i\000o\000n}{section.7}% 6
\BOOKMARK [2][-]{subsection.12}{\376\377\000D\000e\000p\000l\000o\000y\000m\000e\000n\000t\000-\000a\000w\000a\000r\000e\000\040\000e\000n\000g\000i\000n\000e\000e\000r\000i\000n\000g\000\040\000e\000v\000a\000l\000u\000a\000t\000i\000o\000n}{section.7}% 7
\BOOKMARK [1][-]{section.13}{\376\377\000D\000a\000t\000a\000\040\000a\000n\000d\000\040\000L\000e\000a\000k\000a\000g\000e\000-\000S\000a\000f\000e\000\040\000P\000r\000o\000t\000o\000c\000o\000l\000s}{}% 8
\BOOKMARK [2][-]{subsection.18}{\376\377\000P\000r\000o\000t\000o\000c\000o\000l\000\040\000r\000i\000s\000k\000\040\000a\000n\000d\000\040\000l\000e\000a\000k\000a\000g\000e\000\040\000c\000o\000n\000t\000r\000o\000l}{section.13}% 9
\BOOKMARK [2][-]{subsection.19}{\376\377\000I\000m\000p\000l\000e\000m\000e\000n\000t\000a\000t\000i\000o\000n\000\040\000d\000e\000t\000a\000i\000l\000s\000\040\000a\000n\000d\000\040\000r\000e\000p\000r\000o\000d\000u\000c\000i\000b\000i\000l\000i\000t\000y}{section.13}% 10
\BOOKMARK [1][-]{section.20}{\376\377\000B\000e\000n\000c\000h\000m\000a\000r\000k\000\040\000M\000o\000d\000e\000l\000s\000\040\000a\000n\000d\000\040\000F\000r\000a\000m\000e\000w\000o\000r\000k\000\040\000S\000t\000r\000a\000t\000e\000g\000i\000e\000s}{}% 11
\BOOKMARK [2][-]{subsection.23}{\376\377\000S\000t\000r\000a\000t\000e\000g\000y\000\040\000u\000t\000i\000l\000i\000t\000i\000e\000s\000\040\000a\000n\000d\000\040\000v\000a\000l\000i\000d\000a\000t\000i\000o\000n\000-\000o\000n\000l\000y\000\040\000s\000e\000l\000e\000c\000t\000i\000o\000n}{section.20}% 12
\BOOKMARK [1][-]{section.41}{\376\377\000E\000v\000a\000l\000u\000a\000t\000i\000o\000n\000\040\000M\000e\000t\000r\000i\000c\000s\000\040\000a\000n\000d\000\040\000S\000t\000a\000t\000i\000s\000t\000i\000c\000a\000l\000\040\000A\000n\000a\000l\000y\000s\000i\000s}{}% 13
\BOOKMARK [1][-]{section.44}{\376\377\000R\000e\000s\000u\000l\000t\000s}{}% 14
\BOOKMARK [2][-]{subsection.45}{\376\377\000O\000v\000e\000r\000a\000l\000l\000\040\000f\000r\000a\000m\000e\000w\000o\000r\000k\000\040\000s\000t\000r\000a\000t\000e\000g\000y\000\040\000c\000o\000m\000p\000a\000r\000i\000s\000o\000n}{section.44}% 15
\BOOKMARK [2][-]{subsection.50}{\376\377\000F\000A\000R\000/\000M\000D\000R\000\040\000o\000p\000e\000r\000a\000t\000i\000n\000g\000\040\000c\000o\000n\000s\000t\000r\000a\000i\000n\000t\000s}{section.44}% 16
\BOOKMARK [2][-]{subsection.55}{\376\377\000L\000a\000b\000e\000l\000-\000b\000u\000d\000g\000e\000t\000\040\000s\000e\000n\000s\000i\000t\000i\000v\000i\000t\000y}{section.44}% 17
\BOOKMARK [2][-]{subsection.58}{\376\377\000R\000o\000b\000u\000s\000t\000n\000e\000s\000s\000\040\000a\000n\000d\000\040\000d\000o\000m\000a\000i\000n\000\040\000s\000h\000i\000f\000t}{section.44}% 18
\BOOKMARK [2][-]{subsection.61}{\376\377\000L\000a\000t\000e\000n\000c\000y\000\040\000a\000n\000d\000\040\000d\000e\000p\000l\000o\000y\000m\000e\000n\000t}{section.44}% 19
\BOOKMARK [2][-]{subsection.66}{\376\377\000M\000o\000d\000e\000l\000\040\000s\000e\000l\000e\000c\000t\000i\000o\000n\000\040\000g\000u\000i\000d\000e\000l\000i\000n\000e\000s}{section.44}% 20
\BOOKMARK [1][-]{section.69}{\376\377\000E\000n\000g\000i\000n\000e\000e\000r\000i\000n\000g\000\040\000D\000i\000s\000c\000u\000s\000s\000i\000o\000n}{}% 21
\BOOKMARK [1][-]{section.70}{\376\377\000L\000i\000m\000i\000t\000a\000t\000i\000o\000n\000s\000\040\000a\000n\000d\000\040\000T\000h\000r\000e\000a\000t\000s\000\040\000t\000o\000\040\000V\000a\000l\000i\000d\000i\000t\000y}{}% 22
\BOOKMARK [2][-]{subsection.71}{\376\377\000A\000n\000s\000w\000e\000r\000s\000\040\000t\000o\000\040\000t\000h\000e\000\040\000r\000e\000s\000e\000a\000r\000c\000h\000\040\000q\000u\000e\000s\000t\000i\000o\000n\000s}{section.70}% 23
\BOOKMARK [1][-]{section.72}{\376\377\000C\000o\000n\000c\000l\000u\000s\000i\000o\000n}{}% 24
